<?xml version="1.0" encoding="UTF-8"?>
<!-- Generated by org.testng.reporters.JUnitXMLReporter -->
<testsuite hostname="weboniselab" name="BDD Test" tests="1" failures="1" timestamp="12 Dec 2016 13:22:36 GMT" time="0.461" errors="0">
  <testcase name="SampleTest" time="0.426" classname="com.qmetry.qaf.automation.step.client.Scenario">
    <failure type="java.lang.NoClassDefFoundError" message="Could not initialize class groovy.HomePage$__clinit__closure1">
      <![CDATA[java.lang.NoClassDefFoundError: Could not initialize class groovy.HomePage$__clinit__closure1
	at java.lang.Class.forName0(Native Method)
	at java.lang.Class.forName(Unknown Source)
	at com.qmetry.qaf.automation.util.ClassUtil.getClasses(ClassUtil.java:222)
	at com.qmetry.qaf.automation.util.ClassUtil.getClasses(ClassUtil.java:164)
	at com.qmetry.qaf.automation.core.ClassFinderFactory$DefaultClassFinder.getClasses(ClassFinderFactory.java:65)
	at com.qmetry.qaf.automation.step.JavaStepFinder.getAllJavaSteps(JavaStepFinder.java:77)
	at com.qmetry.qaf.automation.core.ConfigurationManager.getStepMapping(ConfigurationManager.java:297)
	at com.qmetry.qaf.automation.step.StringTestStep.getTestStep(StringTestStep.java:189)
	at com.qmetry.qaf.automation.step.StringTestStep.initStep(StringTestStep.java:78)
	at com.qmetry.qaf.automation.step.client.Scenario.execute(Scenario.java:187)
	at com.qmetry.qaf.automation.step.client.Scenario.scenario(Scenario.java:219)
... Removed 24 stack frames]]>
    </failure>
  </testcase> <!-- SampleTest -->
</testsuite> <!-- BDD Test -->
